<?xml version="1.0" encoding="UTF-8"?>
<testsuite xmlns:xsi="http://www.w3.org/2001/XMLSchema-instance" xsi:noNamespaceSchemaLocation="https://maven.apache.org/surefire/maven-surefire-plugin/xsd/surefire-test-report-3.0.xsd" version="3.0" name="dk.g4.st25.protocols.RESTTest" time="0.396" tests="3" errors="0" skipped="0" failures="0">
  <properties>
[...]
</properties>
  <testcase name="apiUrlNotNull" classname="dk.g4.st25.protocols.RESTTest" time="0.04"/>
  <testcase name="get" classname="dk.g4.st25.protocols.RESTTest" time="0.232"/>
  <testcase name="stringToJson" classname="dk.g4.st25.protocols.RESTTest" time="0.004"/>
</testsuite>